0 info it worked if it ends with ok
1 verbose cli [ '/usr/local/bin/node',
1 verbose cli   '/usr/local/bin/npm',
1 verbose cli   'install',
1 verbose cli   'jitsu',
1 verbose cli   '-g' ]
2 info using npm@1.3.11
3 info using node@v0.11.8-pre
4 verbose cache add [ 'jitsu', null ]
5 verbose cache add name=undefined spec="jitsu" args=["jitsu",null]
6 verbose parsed url { protocol: null,
6 verbose parsed url   slashes: null,
6 verbose parsed url   auth: null,
6 verbose parsed url   host: null,
6 verbose parsed url   port: null,
6 verbose parsed url   hostname: null,
6 verbose parsed url   hash: null,
6 verbose parsed url   search: null,
6 verbose parsed url   query: null,
6 verbose parsed url   pathname: 'jitsu',
6 verbose parsed url   path: 'jitsu',
6 verbose parsed url   href: 'jitsu' }
7 silly lockFile 9d81e68b-jitsu jitsu
8 verbose lock jitsu /root/.npm/9d81e68b-jitsu.lock
9 silly lockFile 9d81e68b-jitsu jitsu
10 silly lockFile 9d81e68b-jitsu jitsu
11 verbose addNamed [ 'jitsu', '' ]
12 verbose addNamed [ null, '*' ]
13 silly lockFile e680b62f-jitsu jitsu@
14 verbose lock jitsu@ /root/.npm/e680b62f-jitsu.lock
15 silly addNameRange { name: 'jitsu', range: '*', hasData: false }
16 verbose url raw jitsu
17 verbose url resolving [ 'http://registry.npmjs.org/', './jitsu' ]
18 verbose url resolved http://registry.npmjs.org/jitsu
19 info trying registry request attempt 1 at 22:52:15
20 http GET http://registry.npmjs.org/jitsu
21 http 404 http://registry.npmjs.org/jitsu
22 verbose bad json <html><head><title>Apache Tomcat/7.0.41 - Error report</title><style><!--H1 {font-family:Tahoma,Arial,sans-serif;color:white;background-color:#525D76;font-size:22px;} H2 {font-family:Tahoma,Arial,sans-serif;color:white;background-color:#525D76;font-size:16px;} H3 {font-family:Tahoma,Arial,sans-serif;color:white;background-color:#525D76;font-size:14px;} BODY {font-family:Tahoma,Arial,sans-serif;color:black;background-color:white;} B {font-family:Tahoma,Arial,sans-serif;color:white;background-color:#525D76;} P {font-family:Tahoma,Arial,sans-serif;background:white;color:black;font-size:12px;}A {color : black;}A.name {color : black;}HR {color : #525D76;}--></style> </head><body><h1>HTTP Status 404 - /jitsu</h1><HR size="1" noshade="noshade"><p><b>type</b> Status report</p><p><b>message</b> <u>/jitsu</u></p><p><b>description</b> <u>The requested resource is not available.</u></p><HR size="1" noshade="noshade"><h3>Apache Tomcat/7.0.41</h3></body></html>
23 error registry error parsing json
24 silly registry.get cb [ 404,
24 silly registry.get   { server: 'Apache-Coyote/1.1',
24 silly registry.get     'content-type': 'text/html;charset=utf-8',
24 silly registry.get     'content-length': '961',
24 silly registry.get     date: 'Tue, 29 Oct 2013 17:22:24 GMT',
24 silly registry.get     connection: 'close' } ]
25 silly lockFile e680b62f-jitsu jitsu@
26 silly lockFile e680b62f-jitsu jitsu@
27 error SyntaxError: Unexpected token <
27 error     at Object.parse (native)
27 error     at RegClient.<anonymous> (/usr/local/lib/node_modules/npm/node_modules/npm-registry-client/lib/request.js:238:23)
27 error     at Request.self.callback (/usr/local/lib/node_modules/npm/node_modules/request/request.js:129:22)
27 error     at Request.EventEmitter.emit (events.js:106:17)
27 error     at Request.<anonymous> (/usr/local/lib/node_modules/npm/node_modules/request/request.js:873:14)
27 error     at Request.EventEmitter.emit (events.js:125:20)
27 error     at IncomingMessage.<anonymous> (/usr/local/lib/node_modules/npm/node_modules/request/request.js:824:12)
27 error     at IncomingMessage.EventEmitter.emit (events.js:125:20)
27 error     at _stream_readable.js:896:16
27 error     at process._tickCallback (node.js:316:11)
28 error If you need help, you may report this log at:
28 error     <http://github.com/isaacs/npm/issues>
28 error or email it to:
28 error     <npm-@googlegroups.com>
29 error System Linux 3.9.5-301.fc19.x86_64
30 error command "/usr/local/bin/node" "/usr/local/bin/npm" "install" "jitsu" "-g"
31 error cwd /var/www/html/herokutest/public
32 error node -v v0.11.8-pre
33 error npm -v 1.3.11
34 verbose exit [ 1, true ]
